This file contains any messages produced by compilers while
running configure, to aid debugging if configure makes a mistake.

It was created by osm2pgsql configure 0.81.0, which was
generated by GNU Autoconf 2.68.  Invocation command line was

  $ ./configure --enable-64bit-ids

## --------- ##
## Platform. ##
## --------- ##

hostname = alex
uname -m = i686
uname -r = 3.2.0-31-generic-pae
uname -s = Linux
uname -v = #50-Ubuntu SMP Fri Sep 7 16:39:45 UTC 2012

/usr/bin/uname -p = unknown
/bin/uname -X     = unknown

/bin/arch              = unknown
/usr/bin/arch -k       = unknown
/usr/convex/getsysinfo = unknown
/usr/bin/hostinfo      = unknown
/bin/machine           = unknown
/usr/bin/oslevel       = unknown
/bin/universe          = unknown

PATH: /usr/local/sbin
PATH: /usr/local/bin
PATH: /usr/sbin
PATH: /usr/bin
PATH: /sbin
PATH: /bin
PATH: /usr/games


## ----------- ##
## Core tests. ##
## ----------- ##

configure:2532: checking for a BSD-compatible install
configure:2600: result: /usr/bin/install -c
configure:2611: checking whether build environment is sane
configure:2661: result: yes
configure:2802: checking for a thread-safe mkdir -p
configure:2841: result: /bin/mkdir -p
configure:2854: checking for gawk
configure:2870: found /usr/bin/gawk
configure:2881: result: gawk
configure:2892: checking whether make sets $(MAKE)
configure:2914: result: yes
configure:3013: checking for style of include used by make
configure:3041: result: GNU
configure:3112: checking for gcc
configure:3128: found /usr/bin/gcc
configure:3139: result: gcc
configure:3368: checking for C compiler version
configure:3377: gcc --version >&5
gcc (Ubuntu/Linaro 4.6.3-1ubuntu5) 4.6.3
Copyright (C) 2011 Free Software Foundation, Inc.
This is free software; see the source for copying conditions.  There is NO
warranty; not even for MERCHANTABILITY or FITNESS FOR A PARTICULAR PURPOSE.

configure:3388: $? = 0
configure:3377: gcc -v >&5
Using built-in specs.
COLLECT_GCC=gcc
COLLECT_LTO_WRAPPER=/usr/lib/gcc/i686-linux-gnu/4.6/lto-wrapper
Target: i686-linux-gnu
Configured with: ../src/configure -v --with-pkgversion='Ubuntu/Linaro 4.6.3-1ubuntu5' --with-bugurl=file:///usr/share/doc/gcc-4.6/README.Bugs --enable-languages=c,c++,fortran,objc,obj-c++ --prefix=/usr --program-suffix=-4.6 --enable-shared --enable-linker-build-id --with-system-zlib --libexecdir=/usr/lib --without-included-gettext --enable-threads=posix --with-gxx-include-dir=/usr/include/c++/4.6 --libdir=/usr/lib --enable-nls --with-sysroot=/ --enable-clocale=gnu --enable-libstdcxx-debug --enable-libstdcxx-time=yes --enable-gnu-unique-object --enable-plugin --enable-objc-gc --enable-targets=all --disable-werror --with-arch-32=i686 --with-tune=generic --enable-checking=release --build=i686-linux-gnu --host=i686-linux-gnu --target=i686-linux-gnu
Thread model: posix
gcc version 4.6.3 (Ubuntu/Linaro 4.6.3-1ubuntu5) 
configure:3388: $? = 0
configure:3377: gcc -V >&5
gcc: error: unrecognized option '-V'
gcc: fatal error: no input files
compilation terminated.
configure:3388: $? = 4
configure:3377: gcc -qversion >&5
gcc: error: unrecognized option '-qversion'
gcc: fatal error: no input files
compilation terminated.
configure:3388: $? = 4
configure:3408: checking whether the C compiler works
configure:3430: gcc    conftest.c  >&5
configure:3434: $? = 0
configure:3482: result: yes
configure:3485: checking for C compiler default output file name
configure:3487: result: a.out
configure:3493: checking for suffix of executables
configure:3500: gcc -o conftest    conftest.c  >&5
configure:3504: $? = 0
configure:3526: result: 
configure:3548: checking whether we are cross compiling
configure:3556: gcc -o conftest    conftest.c  >&5
configure:3560: $? = 0
configure:3567: ./conftest
configure:3571: $? = 0
configure:3586: result: no
configure:3591: checking for suffix of object files
configure:3613: gcc -c   conftest.c >&5
configure:3617: $? = 0
configure:3638: result: o
configure:3642: checking whether we are using the GNU C compiler
configure:3661: gcc -c   conftest.c >&5
configure:3661: $? = 0
configure:3670: result: yes
configure:3679: checking whether gcc accepts -g
configure:3699: gcc -c -g  conftest.c >&5
configure:3699: $? = 0
configure:3740: result: yes
configure:3757: checking for gcc option to accept ISO C89
configure:3821: gcc  -c -g -O2  conftest.c >&5
configure:3821: $? = 0
configure:3834: result: none needed
configure:3856: checking dependency style of gcc
configure:3967: result: gcc3
configure:3988: checking how to run the C preprocessor
configure:4019: gcc -E  conftest.c
configure:4019: $? = 0
configure:4033: gcc -E  conftest.c
conftest.c:11:28: fatal error: ac_nonexistent.h: No such file or directory
compilation terminated.
configure:4033: $? = 1
configure: failed program was:
| /* confdefs.h */
| #define PACKAGE_NAME "osm2pgsql"
| #define PACKAGE_TARNAME "osm2pgsql"
| #define PACKAGE_VERSION "0.81.0"
| #define PACKAGE_STRING "osm2pgsql 0.81.0"
| #define PACKAGE_BUGREPORT ""
| #define PACKAGE_URL ""
| #define PACKAGE "osm2pgsql"
| #define VERSION "0.81.0"
| /* end confdefs.h.  */
| #include <ac_nonexistent.h>
configure:4058: result: gcc -E
configure:4078: gcc -E  conftest.c
configure:4078: $? = 0
configure:4092: gcc -E  conftest.c
conftest.c:11:28: fatal error: ac_nonexistent.h: No such file or directory
compilation terminated.
configure:4092: $? = 1
configure: failed program was:
| /* confdefs.h */
| #define PACKAGE_NAME "osm2pgsql"
| #define PACKAGE_TARNAME "osm2pgsql"
| #define PACKAGE_VERSION "0.81.0"
| #define PACKAGE_STRING "osm2pgsql 0.81.0"
| #define PACKAGE_BUGREPORT ""
| #define PACKAGE_URL ""
| #define PACKAGE "osm2pgsql"
| #define VERSION "0.81.0"
| /* end confdefs.h.  */
| #include <ac_nonexistent.h>
configure:4121: checking for grep that handles long lines and -e
configure:4179: result: /bin/grep
configure:4184: checking for egrep
configure:4246: result: /bin/grep -E
configure:4251: checking for ANSI C header files
configure:4271: gcc -c -g -O2  conftest.c >&5
configure:4271: $? = 0
configure:4344: gcc -o conftest -g -O2   conftest.c  >&5
configure:4344: $? = 0
configure:4344: ./conftest
configure:4344: $? = 0
configure:4355: result: yes
configure:4368: checking for sys/types.h
configure:4368: gcc -c -g -O2  conftest.c >&5
configure:4368: $? = 0
configure:4368: result: yes
configure:4368: checking for sys/stat.h
configure:4368: gcc -c -g -O2  conftest.c >&5
configure:4368: $? = 0
configure:4368: result: yes
configure:4368: checking for stdlib.h
configure:4368: gcc -c -g -O2  conftest.c >&5
configure:4368: $? = 0
configure:4368: result: yes
configure:4368: checking for string.h
configure:4368: gcc -c -g -O2  conftest.c >&5
configure:4368: $? = 0
configure:4368: result: yes
configure:4368: checking for memory.h
configure:4368: gcc -c -g -O2  conftest.c >&5
configure:4368: $? = 0
configure:4368: result: yes
configure:4368: checking for strings.h
configure:4368: gcc -c -g -O2  conftest.c >&5
configure:4368: $? = 0
configure:4368: result: yes
configure:4368: checking for inttypes.h
configure:4368: gcc -c -g -O2  conftest.c >&5
configure:4368: $? = 0
configure:4368: result: yes
configure:4368: checking for stdint.h
configure:4368: gcc -c -g -O2  conftest.c >&5
configure:4368: $? = 0
configure:4368: result: yes
configure:4368: checking for unistd.h
configure:4368: gcc -c -g -O2  conftest.c >&5
configure:4368: $? = 0
configure:4368: result: yes
configure:4381: checking minix/config.h usability
configure:4381: gcc -c -g -O2  conftest.c >&5
conftest.c:54:26: fatal error: minix/config.h: No such file or directory
compilation terminated.
configure:4381: $? = 1
configure: failed program was:
| /* confdefs.h */
| #define PACKAGE_NAME "osm2pgsql"
| #define PACKAGE_TARNAME "osm2pgsql"
| #define PACKAGE_VERSION "0.81.0"
| #define PACKAGE_STRING "osm2pgsql 0.81.0"
| #define PACKAGE_BUGREPORT ""
| #define PACKAGE_URL ""
| #define PACKAGE "osm2pgsql"
| #define VERSION "0.81.0"
| #define STDC_HEADERS 1
| #define HAVE_SYS_TYPES_H 1
| #define HAVE_SYS_STAT_H 1
| #define HAVE_STDLIB_H 1
| #define HAVE_STRING_H 1
| #define HAVE_MEMORY_H 1
| #define HAVE_STRINGS_H 1
| #define HAVE_INTTYPES_H 1
| #define HAVE_STDINT_H 1
| #define HAVE_UNISTD_H 1
| /* end confdefs.h.  */
| #include <stdio.h>
| #ifdef HAVE_SYS_TYPES_H
| # include <sys/types.h>
| #endif
| #ifdef HAVE_SYS_STAT_H
| # include <sys/stat.h>
| #endif
| #ifdef STDC_HEADERS
| # include <stdlib.h>
| # include <stddef.h>
| #else
| # ifdef HAVE_STDLIB_H
| #  include <stdlib.h>
| # endif
| #endif
| #ifdef HAVE_STRING_H
| # if !defined STDC_HEADERS && defined HAVE_MEMORY_H
| #  include <memory.h>
| # endif
| # include <string.h>
| #endif
| #ifdef HAVE_STRINGS_H
| # include <strings.h>
| #endif
| #ifdef HAVE_INTTYPES_H
| # include <inttypes.h>
| #endif
| #ifdef HAVE_STDINT_H
| # include <stdint.h>
| #endif
| #ifdef HAVE_UNISTD_H
| # include <unistd.h>
| #endif
| #include <minix/config.h>
configure:4381: result: no
configure:4381: checking minix/config.h presence
configure:4381: gcc -E  conftest.c
conftest.c:21:26: fatal error: minix/config.h: No such file or directory
compilation terminated.
configure:4381: $? = 1
configure: failed program was:
| /* confdefs.h */
| #define PACKAGE_NAME "osm2pgsql"
| #define PACKAGE_TARNAME "osm2pgsql"
| #define PACKAGE_VERSION "0.81.0"
| #define PACKAGE_STRING "osm2pgsql 0.81.0"
| #define PACKAGE_BUGREPORT ""
| #define PACKAGE_URL ""
| #define PACKAGE "osm2pgsql"
| #define VERSION "0.81.0"
| #define STDC_HEADERS 1
| #define HAVE_SYS_TYPES_H 1
| #define HAVE_SYS_STAT_H 1
| #define HAVE_STDLIB_H 1
| #define HAVE_STRING_H 1
| #define HAVE_MEMORY_H 1
| #define HAVE_STRINGS_H 1
| #define HAVE_INTTYPES_H 1
| #define HAVE_STDINT_H 1
| #define HAVE_UNISTD_H 1
| /* end confdefs.h.  */
| #include <minix/config.h>
configure:4381: result: no
configure:4381: checking for minix/config.h
configure:4381: result: no
configure:4402: checking whether it is safe to define __EXTENSIONS__
configure:4420: gcc -c -g -O2  conftest.c >&5
configure:4420: $? = 0
configure:4427: result: yes
configure:4442: checking for sys/wait.h that is POSIX.1 compatible
configure:4468: gcc -c -g -O2  conftest.c >&5
configure:4468: $? = 0
configure:4475: result: yes
configure:4489: checking for stdlib.h
configure:4489: result: yes
configure:4489: checking for unistd.h
configure:4489: result: yes
configure:4489: checking for sys/param.h
configure:4489: gcc -c -g -O2  conftest.c >&5
configure:4489: $? = 0
configure:4489: result: yes
configure:4509: checking for getpagesize
configure:4509: gcc -o conftest -g -O2   conftest.c  >&5
configure:4509: $? = 0
configure:4509: result: yes
configure:4518: checking for working mmap
configure:4665: gcc -o conftest -g -O2   conftest.c  >&5
configure:4665: $? = 0
configure:4665: ./conftest
configure:4665: $? = 0
configure:4675: result: yes
configure:4685: checking for gcc option to accept ISO C99
configure:4834: gcc  -c -g -O2  conftest.c >&5
conftest.c:82:29: error: expected ';', ',' or ')' before 'text'
conftest.c: In function 'main':
conftest.c:136:18: error: expected '=', ',', ';', 'asm' or '__attribute__' before 'newvar'
conftest.c:136:18: error: 'newvar' undeclared (first use in this function)
conftest.c:136:18: note: each undeclared identifier is reported only once for each function it appears in
conftest.c:146:3: error: 'for' loop initial declarations are only allowed in C99 mode
conftest.c:146:3: note: use option -std=c99 or -std=gnu99 to compile your code
configure:4834: $? = 1
configure: failed program was:
| /* confdefs.h */
| #define PACKAGE_NAME "osm2pgsql"
| #define PACKAGE_TARNAME "osm2pgsql"
| #define PACKAGE_VERSION "0.81.0"
| #define PACKAGE_STRING "osm2pgsql 0.81.0"
| #define PACKAGE_BUGREPORT ""
| #define PACKAGE_URL ""
| #define PACKAGE "osm2pgsql"
| #define VERSION "0.81.0"
| #define STDC_HEADERS 1
| #define HAVE_SYS_TYPES_H 1
| #define HAVE_SYS_STAT_H 1
| #define HAVE_STDLIB_H 1
| #define HAVE_STRING_H 1
| #define HAVE_MEMORY_H 1
| #define HAVE_STRINGS_H 1
| #define HAVE_INTTYPES_H 1
| #define HAVE_STDINT_H 1
| #define HAVE_UNISTD_H 1
| #define __EXTENSIONS__ 1
| #define _ALL_SOURCE 1
| #define _GNU_SOURCE 1
| #define _POSIX_PTHREAD_SEMANTICS 1
| #define _TANDEM_SOURCE 1
| #define HAVE_SYS_WAIT_H 1
| #define HAVE_STDLIB_H 1
| #define HAVE_UNISTD_H 1
| #define HAVE_SYS_PARAM_H 1
| #define HAVE_GETPAGESIZE 1
| #define HAVE_MMAP 1
| /* end confdefs.h.  */
| #include <stdarg.h>
| #include <stdbool.h>
| #include <stdlib.h>
| #include <wchar.h>
| #include <stdio.h>
| 
| // Check varargs macros.  These examples are taken from C99 6.10.3.5.
| #define debug(...) fprintf (stderr, __VA_ARGS__)
| #define showlist(...) puts (#__VA_ARGS__)
| #define report(test,...) ((test) ? puts (#test) : printf (__VA_ARGS__))
| static void
| test_varargs_macros (void)
| {
|   int x = 1234;
|   int y = 5678;
|   debug ("Flag");
|   debug ("X = %d\n", x);
|   showlist (The first, second, and third items.);
|   report (x>y, "x is %d but y is %d", x, y);
| }
| 
| // Check long long types.
| #define BIG64 18446744073709551615ull
| #define BIG32 4294967295ul
| #define BIG_OK (BIG64 / BIG32 == 4294967297ull && BIG64 % BIG32 == 0)
| #if !BIG_OK
|   your preprocessor is broken;
| #endif
| #if BIG_OK
| #else
|   your preprocessor is broken;
| #endif
| static long long int bignum = -9223372036854775807LL;
| static unsigned long long int ubignum = BIG64;
| 
| struct incomplete_array
| {
|   int datasize;
|   double data[];
| };
| 
| struct named_init {
|   int number;
|   const wchar_t *name;
|   double average;
| };
| 
| typedef const char *ccp;
| 
| static inline int
| test_restrict (ccp restrict text)
| {
|   // See if C++-style comments work.
|   // Iterate through items via the restricted pointer.
|   // Also check for declarations in for loops.
|   for (unsigned int i = 0; *(text+i) != '\0'; ++i)
|     continue;
|   return 0;
| }
| 
| // Check varargs and va_copy.
| static void
| test_varargs (const char *format, ...)
| {
|   va_list args;
|   va_start (args, format);
|   va_list args_copy;
|   va_copy (args_copy, args);
| 
|   const char *str;
|   int number;
|   float fnumber;
| 
|   while (*format)
|     {
|       switch (*format++)
| 	{
| 	case 's': // string
| 	  str = va_arg (args_copy, const char *);
| 	  break;
| 	case 'd': // int
| 	  number = va_arg (args_copy, int);
| 	  break;
| 	case 'f': // float
| 	  fnumber = va_arg (args_copy, double);
| 	  break;
| 	default:
| 	  break;
| 	}
|     }
|   va_end (args_copy);
|   va_end (args);
| }
| 
| int
| main ()
| {
| 
|   // Check bool.
|   _Bool success = false;
| 
|   // Check restrict.
|   if (test_restrict ("String literal") == 0)
|     success = true;
|   char *restrict newvar = "Another string";
| 
|   // Check varargs.
|   test_varargs ("s, d' f .", "string", 65, 34.234);
|   test_varargs_macros ();
| 
|   // Check flexible array members.
|   struct incomplete_array *ia =
|     malloc (sizeof (struct incomplete_array) + (sizeof (double) * 10));
|   ia->datasize = 10;
|   for (int i = 0; i < ia->datasize; ++i)
|     ia->data[i] = i * 1.234;
| 
|   // Check named initializers.
|   struct named_init ni = {
|     .number = 34,
|     .name = L"Test wide string",
|     .average = 543.34343,
|   };
| 
|   ni.number = 58;
| 
|   int dynamic_array[ni.number];
|   dynamic_array[ni.number - 1] = 543;
| 
|   // work around unused variable warnings
|   return (!success || bignum == 0LL || ubignum == 0uLL || newvar[0] == 'x'
| 	  || dynamic_array[ni.number - 1] != 543);
| 
|   ;
|   return 0;
| }
configure:4834: gcc -std=gnu99 -c -g -O2  conftest.c >&5
configure:4834: $? = 0
configure:4854: result: -std=gnu99
configure:4921: checking for g++
configure:4937: found /usr/bin/g++
configure:4948: result: g++
configure:4975: checking for C++ compiler version
configure:4984: g++ --version >&5
g++ (Ubuntu/Linaro 4.6.3-1ubuntu5) 4.6.3
Copyright (C) 2011 Free Software Foundation, Inc.
This is free software; see the source for copying conditions.  There is NO
warranty; not even for MERCHANTABILITY or FITNESS FOR A PARTICULAR PURPOSE.

configure:4995: $? = 0
configure:4984: g++ -v >&5
Using built-in specs.
COLLECT_GCC=g++
COLLECT_LTO_WRAPPER=/usr/lib/gcc/i686-linux-gnu/4.6/lto-wrapper
Target: i686-linux-gnu
Configured with: ../src/configure -v --with-pkgversion='Ubuntu/Linaro 4.6.3-1ubuntu5' --with-bugurl=file:///usr/share/doc/gcc-4.6/README.Bugs --enable-languages=c,c++,fortran,objc,obj-c++ --prefix=/usr --program-suffix=-4.6 --enable-shared --enable-linker-build-id --with-system-zlib --libexecdir=/usr/lib --without-included-gettext --enable-threads=posix --with-gxx-include-dir=/usr/include/c++/4.6 --libdir=/usr/lib --enable-nls --with-sysroot=/ --enable-clocale=gnu --enable-libstdcxx-debug --enable-libstdcxx-time=yes --enable-gnu-unique-object --enable-plugin --enable-objc-gc --enable-targets=all --disable-werror --with-arch-32=i686 --with-tune=generic --enable-checking=release --build=i686-linux-gnu --host=i686-linux-gnu --target=i686-linux-gnu
Thread model: posix
gcc version 4.6.3 (Ubuntu/Linaro 4.6.3-1ubuntu5) 
configure:4995: $? = 0
configure:4984: g++ -V >&5
g++: error: unrecognized option '-V'
g++: fatal error: no input files
compilation terminated.
configure:4995: $? = 4
configure:4984: g++ -qversion >&5
g++: error: unrecognized option '-qversion'
g++: fatal error: no input files
compilation terminated.
configure:4995: $? = 4
configure:4999: checking whether we are using the GNU C++ compiler
configure:5018: g++ -c   conftest.cpp >&5
configure:5018: $? = 0
configure:5027: result: yes
configure:5036: checking whether g++ accepts -g
configure:5056: g++ -c -g  conftest.cpp >&5
configure:5056: $? = 0
configure:5097: result: yes
configure:5122: checking dependency style of g++
configure:5233: result: gcc3
configure:5250: checking for g++
configure:5266: found /usr/bin/g++
configure:5278: result: yes
configure:5320: checking build system type
configure:5334: result: i686-pc-linux-gnu
configure:5354: checking host system type
configure:5367: result: i686-pc-linux-gnu
configure:5408: checking how to print strings
configure:5435: result: printf
configure:5456: checking for a sed that does not truncate output
configure:5520: result: /bin/sed
configure:5538: checking for fgrep
configure:5600: result: /bin/grep -F
configure:5635: checking for ld used by gcc -std=gnu99
configure:5702: result: /usr/bin/ld
configure:5709: checking if the linker (/usr/bin/ld) is GNU ld
configure:5724: result: yes
configure:5736: checking for BSD- or MS-compatible name lister (nm)
configure:5785: result: /usr/bin/nm -B
configure:5915: checking the name lister (/usr/bin/nm -B) interface
configure:5922: gcc -std=gnu99 -c -g -O2  conftest.c >&5
configure:5925: /usr/bin/nm -B "conftest.o"
configure:5928: output
00000000 B some_variable
configure:5935: result: BSD nm
configure:5938: checking whether ln -s works
configure:5942: result: yes
configure:5950: checking the maximum length of command line arguments
configure:6080: result: 1572864
configure:6097: checking whether the shell understands some XSI constructs
configure:6107: result: yes
configure:6111: checking whether the shell understands "+="
configure:6117: result: yes
configure:6152: checking how to convert i686-pc-linux-gnu file names to i686-pc-linux-gnu format
configure:6192: result: func_convert_file_noop
configure:6199: checking how to convert i686-pc-linux-gnu file names to toolchain format
configure:6219: result: func_convert_file_noop
configure:6226: checking for /usr/bin/ld option to reload object files
configure:6233: result: -r
configure:6307: checking for objdump
configure:6323: found /usr/bin/objdump
configure:6334: result: objdump
configure:6366: checking how to recognize dependent libraries
configure:6568: result: pass_all
configure:6653: checking for dlltool
configure:6683: result: no
configure:6713: checking how to associate runtime and link libraries
configure:6740: result: printf %s\n
configure:6800: checking for ar
configure:6816: found /usr/bin/ar
configure:6827: result: ar
configure:6864: checking for archiver @FILE support
configure:6881: gcc -std=gnu99 -c -g -O2  conftest.c >&5
configure:6881: $? = 0
configure:6884: ar cru libconftest.a @conftest.lst >&5
configure:6887: $? = 0
configure:6892: ar cru libconftest.a @conftest.lst >&5
ar: conftest.o: No such file or directory
configure:6895: $? = 1
configure:6907: result: @
configure:6965: checking for strip
configure:6981: found /usr/bin/strip
configure:6992: result: strip
configure:7064: checking for ranlib
configure:7080: found /usr/bin/ranlib
configure:7091: result: ranlib
configure:7193: checking command to parse /usr/bin/nm -B output from gcc -std=gnu99 object
configure:7313: gcc -std=gnu99 -c -g -O2  conftest.c >&5
configure:7316: $? = 0
configure:7320: /usr/bin/nm -B conftest.o \| sed -n -e 's/^.*[ ]\([ABCDGIRSTW][ABCDGIRSTW]*\)[ ][ ]*\([_A-Za-z][_A-Za-z0-9]*\)$/\1 \2 \2/p' | sed '/ __gnu_lto/d' \> conftest.nm
configure:7323: $? = 0
configure:7389: gcc -std=gnu99 -o conftest -g -O2   conftest.c conftstm.o >&5
configure:7392: $? = 0
configure:7430: result: ok
configure:7467: checking for sysroot
configure:7497: result: no
configure:7753: checking for mt
configure:7769: found /bin/mt
configure:7780: result: mt
configure:7803: checking if mt is a manifest tool
configure:7809: mt '-?'
configure:7817: result: no
configure:8456: checking for dlfcn.h
configure:8456: gcc -std=gnu99 -c -g -O2  conftest.c >&5
configure:8456: $? = 0
configure:8456: result: yes
configure:8673: checking for objdir
configure:8688: result: .libs
configure:8959: checking if gcc -std=gnu99 supports -fno-rtti -fno-exceptions
configure:8977: gcc -std=gnu99 -c -g -O2  -fno-rtti -fno-exceptions conftest.c >&5
cc1: warning: command line option '-fno-rtti' is valid for C++/ObjC++ but not for C [enabled by default]
configure:8981: $? = 0
configure:8994: result: no
configure:9321: checking for gcc -std=gnu99 option to produce PIC
configure:9328: result: -fPIC -DPIC
configure:9336: checking if gcc -std=gnu99 PIC flag -fPIC -DPIC works
configure:9354: gcc -std=gnu99 -c -g -O2  -fPIC -DPIC -DPIC conftest.c >&5
configure:9358: $? = 0
configure:9371: result: yes
configure:9400: checking if gcc -std=gnu99 static flag -static works
configure:9428: result: yes
configure:9443: checking if gcc -std=gnu99 supports -c -o file.o
configure:9464: gcc -std=gnu99 -c -g -O2  -o out/conftest2.o conftest.c >&5
configure:9468: $? = 0
configure:9490: result: yes
configure:9498: checking if gcc -std=gnu99 supports -c -o file.o
configure:9545: result: yes
configure:9578: checking whether the gcc -std=gnu99 linker (/usr/bin/ld) supports shared libraries
configure:10735: result: yes
configure:10772: checking whether -lc should be explicitly linked in
configure:10780: gcc -std=gnu99 -c -g -O2  conftest.c >&5
configure:10783: $? = 0
configure:10798: gcc -std=gnu99 -shared  -fPIC -DPIC conftest.o  -v -Wl,-soname -Wl,conftest -o conftest 2\>\&1 \| /bin/grep  -lc  \>/dev/null 2\>\&1
configure:10801: $? = 0
configure:10815: result: no
configure:10975: checking dynamic linker characteristics
configure:11486: gcc -std=gnu99 -o conftest -g -O2   -Wl,-rpath -Wl,/foo conftest.c  >&5
configure:11486: $? = 0
configure:11720: result: GNU/Linux ld.so
configure:11827: checking how to hardcode library paths into programs
configure:11852: result: immediate
configure:12392: checking whether stripping libraries is possible
configure:12397: result: yes
configure:12432: checking if libtool supports shared libraries
configure:12434: result: yes
configure:12437: checking whether to build shared libraries
configure:12458: result: yes
configure:12461: checking whether to build static libraries
configure:12465: result: yes
configure:12488: checking how to run the C++ preprocessor
configure:12515: g++ -E  conftest.cpp
configure:12515: $? = 0
configure:12529: g++ -E  conftest.cpp
conftest.cpp:34:28: fatal error: ac_nonexistent.h: No such file or directory
compilation terminated.
configure:12529: $? = 1
configure: failed program was:
| /* confdefs.h */
| #define PACKAGE_NAME "osm2pgsql"
| #define PACKAGE_TARNAME "osm2pgsql"
| #define PACKAGE_VERSION "0.81.0"
| #define PACKAGE_STRING "osm2pgsql 0.81.0"
| #define PACKAGE_BUGREPORT ""
| #define PACKAGE_URL ""
| #define PACKAGE "osm2pgsql"
| #define VERSION "0.81.0"
| #define STDC_HEADERS 1
| #define HAVE_SYS_TYPES_H 1
| #define HAVE_SYS_STAT_H 1
| #define HAVE_STDLIB_H 1
| #define HAVE_STRING_H 1
| #define HAVE_MEMORY_H 1
| #define HAVE_STRINGS_H 1
| #define HAVE_INTTYPES_H 1
| #define HAVE_STDINT_H 1
| #define HAVE_UNISTD_H 1
| #define __EXTENSIONS__ 1
| #define _ALL_SOURCE 1
| #define _GNU_SOURCE 1
| #define _POSIX_PTHREAD_SEMANTICS 1
| #define _TANDEM_SOURCE 1
| #define HAVE_SYS_WAIT_H 1
| #define HAVE_STDLIB_H 1
| #define HAVE_UNISTD_H 1
| #define HAVE_SYS_PARAM_H 1
| #define HAVE_GETPAGESIZE 1
| #define HAVE_MMAP 1
| #define HAVE_DLFCN_H 1
| #define LT_OBJDIR ".libs/"
| /* end confdefs.h.  */
| #include <ac_nonexistent.h>
configure:12554: result: g++ -E
configure:12574: g++ -E  conftest.cpp
configure:12574: $? = 0
configure:12588: g++ -E  conftest.cpp
conftest.cpp:34:28: fatal error: ac_nonexistent.h: No such file or directory
compilation terminated.
configure:12588: $? = 1
configure: failed program was:
| /* confdefs.h */
| #define PACKAGE_NAME "osm2pgsql"
| #define PACKAGE_TARNAME "osm2pgsql"
| #define PACKAGE_VERSION "0.81.0"
| #define PACKAGE_STRING "osm2pgsql 0.81.0"
| #define PACKAGE_BUGREPORT ""
| #define PACKAGE_URL ""
| #define PACKAGE "osm2pgsql"
| #define VERSION "0.81.0"
| #define STDC_HEADERS 1
| #define HAVE_SYS_TYPES_H 1
| #define HAVE_SYS_STAT_H 1
| #define HAVE_STDLIB_H 1
| #define HAVE_STRING_H 1
| #define HAVE_MEMORY_H 1
| #define HAVE_STRINGS_H 1
| #define HAVE_INTTYPES_H 1
| #define HAVE_STDINT_H 1
| #define HAVE_UNISTD_H 1
| #define __EXTENSIONS__ 1
| #define _ALL_SOURCE 1
| #define _GNU_SOURCE 1
| #define _POSIX_PTHREAD_SEMANTICS 1
| #define _TANDEM_SOURCE 1
| #define HAVE_SYS_WAIT_H 1
| #define HAVE_STDLIB_H 1
| #define HAVE_UNISTD_H 1
| #define HAVE_SYS_PARAM_H 1
| #define HAVE_GETPAGESIZE 1
| #define HAVE_MMAP 1
| #define HAVE_DLFCN_H 1
| #define LT_OBJDIR ".libs/"
| /* end confdefs.h.  */
| #include <ac_nonexistent.h>
configure:12757: checking for ld used by g++
configure:12824: result: /usr/bin/ld
configure:12831: checking if the linker (/usr/bin/ld) is GNU ld
configure:12846: result: yes
configure:12901: checking whether the g++ linker (/usr/bin/ld) supports shared libraries
configure:13906: result: yes
configure:13942: g++ -c -g -O2  conftest.cpp >&5
configure:13945: $? = 0
configure:14465: checking for g++ option to produce PIC
configure:14472: result: -fPIC -DPIC
configure:14480: checking if g++ PIC flag -fPIC -DPIC works
configure:14498: g++ -c -g -O2  -fPIC -DPIC -DPIC conftest.cpp >&5
configure:14502: $? = 0
configure:14515: result: yes
configure:14538: checking if g++ static flag -static works
configure:14566: result: yes
configure:14578: checking if g++ supports -c -o file.o
configure:14599: g++ -c -g -O2  -o out/conftest2.o conftest.cpp >&5
configure:14603: $? = 0
configure:14625: result: yes
configure:14630: checking if g++ supports -c -o file.o
configure:14677: result: yes
configure:14707: checking whether the g++ linker (/usr/bin/ld) supports shared libraries
configure:14746: result: yes
configure:14887: checking dynamic linker characteristics
configure:15566: result: GNU/Linux ld.so
configure:15619: checking how to hardcode library paths into programs
configure:15644: result: immediate
configure:15706: checking for lseek64
configure:15706: gcc -std=gnu99 -o conftest -g -O2   conftest.c  >&5
configure:15706: $? = 0
configure:15706: result: yes
configure:15757: checking for posix_fallocate
configure:15757: gcc -std=gnu99 -o conftest -g -O2   conftest.c  >&5
configure:15757: $? = 0
configure:15757: result: yes
configure:15757: checking for posix_fadvise
configure:15757: gcc -std=gnu99 -o conftest -g -O2   conftest.c  >&5
configure:15757: $? = 0
configure:15757: result: yes
configure:15757: checking for sync_file_range
configure:15757: gcc -std=gnu99 -o conftest -g -O2   conftest.c  >&5
configure:15757: $? = 0
configure:15757: result: yes
configure:15809: checking for xml2-config
configure:15827: found /usr/bin/xml2-config
configure:15839: result: /usr/bin/xml2-config
configure:15856: checking for xml2 libraries
configure:15869: result: yes
configure:16013: checking for zlib headers in /usr/include
configure:16037: g++ -c -g -O2  -I/usr/include conftest.cpp >&5
configure:16037: $? = 0
configure:16041: result: found
configure:16062: checking for zlib library
configure:16090: g++ -o conftest -g -O2  -I/usr/include  -L/usr/lib conftest.cpp  -lz >&5
configure:16090: $? = 0
configure:16095: result: found
configure:16121: checking for zlib compression library
configure:16140: result: yes
configure:16245: checking for bzip2 headers in /usr/include
configure:16269: g++ -c -g -O2  -I/usr/include conftest.cpp >&5
configure:16269: $? = 0
configure:16273: result: found
configure:16294: checking for bzip2 library
configure:16322: g++ -o conftest -g -O2  -I/usr/include  -L/usr/lib conftest.cpp  -lbz2 >&5
configure:16322: $? = 0
configure:16327: result: found
configure:16353: checking for bzip2 compression library
configure:16372: result: yes
configure:16423: checking for geos-config
configure:16441: found /usr/bin/geos-config
configure:16453: result: /usr/bin/geos-config
configure:16470: checking for geos libraries
configure:16480: checking geos/version.h usability
configure:16480: gcc -std=gnu99 -c -g -O2  -I/usr/include conftest.c >&5
configure:16480: $? = 0
configure:16480: result: yes
configure:16480: checking geos/version.h presence
configure:16480: gcc -E  -I/usr/include conftest.c
configure:16480: $? = 0
configure:16480: result: yes
configure:16480: checking for geos/version.h
configure:16480: result: yes
configure:16496: result: yes
configure:16642: checking for proj headers in /usr/include
configure:16666: g++ -c -g -O2  -I/usr/include conftest.cpp >&5
configure:16666: $? = 0
configure:16670: result: found
configure:16691: checking for proj library
configure:16717: g++ -o conftest -g -O2  -I/usr/include  -L/usr/lib conftest.cpp  -lproj >&5
configure:16717: $? = 0
configure:16722: result: found
configure:16748: checking for proj projection library
configure:16763: result: yes
configure:16786: checking for protobuf-c 0.14
configure:16788: result: 
configure:16984: checking for protobuf-c version >= 0.14
configure:16986: result: 
configure:17024: checking for ProtobufCFieldDescriptor.packed
configure:17024: gcc -std=gnu99 -c -g -O2   conftest.c >&5
conftest.c:42:42: fatal error: google/protobuf-c/protobuf-c.h: No such file or directory
compilation terminated.
configure:17024: $? = 1
configure: failed program was:
| /* confdefs.h */
| #define PACKAGE_NAME "osm2pgsql"
| #define PACKAGE_TARNAME "osm2pgsql"
| #define PACKAGE_VERSION "0.81.0"
| #define PACKAGE_STRING "osm2pgsql 0.81.0"
| #define PACKAGE_BUGREPORT ""
| #define PACKAGE_URL ""
| #define PACKAGE "osm2pgsql"
| #define VERSION "0.81.0"
| #define STDC_HEADERS 1
| #define HAVE_SYS_TYPES_H 1
| #define HAVE_SYS_STAT_H 1
| #define HAVE_STDLIB_H 1
| #define HAVE_STRING_H 1
| #define HAVE_MEMORY_H 1
| #define HAVE_STRINGS_H 1
| #define HAVE_INTTYPES_H 1
| #define HAVE_STDINT_H 1
| #define HAVE_UNISTD_H 1
| #define __EXTENSIONS__ 1
| #define _ALL_SOURCE 1
| #define _GNU_SOURCE 1
| #define _POSIX_PTHREAD_SEMANTICS 1
| #define _TANDEM_SOURCE 1
| #define HAVE_SYS_WAIT_H 1
| #define HAVE_STDLIB_H 1
| #define HAVE_UNISTD_H 1
| #define HAVE_SYS_PARAM_H 1
| #define HAVE_GETPAGESIZE 1
| #define HAVE_MMAP 1
| #define HAVE_DLFCN_H 1
| #define LT_OBJDIR ".libs/"
| #define HAVE_LSEEK64 1
| #define HAVE_POSIX_FALLOCATE 1
| #define HAVE_POSIX_FADVISE 1
| #define HAVE_SYNC_FILE_RANGE 1
| #define HAVE_XML2 1
| #define HAVE_ZLIB 1
| #define HAVE_BZIP2 1
| #define HAVE_GEOS 1
| /* end confdefs.h.  */
| #include <google/protobuf-c/protobuf-c.h>
| 
| 
| int
| main ()
| {
| static ProtobufCFieldDescriptor ac_aggr;
| if (ac_aggr.packed)
| return 0;
|   ;
|   return 0;
| }
configure:17024: gcc -std=gnu99 -c -g -O2   conftest.c >&5
conftest.c:42:42: fatal error: google/protobuf-c/protobuf-c.h: No such file or directory
compilation terminated.
configure:17024: $? = 1
configure: failed program was:
| /* confdefs.h */
| #define PACKAGE_NAME "osm2pgsql"
| #define PACKAGE_TARNAME "osm2pgsql"
| #define PACKAGE_VERSION "0.81.0"
| #define PACKAGE_STRING "osm2pgsql 0.81.0"
| #define PACKAGE_BUGREPORT ""
| #define PACKAGE_URL ""
| #define PACKAGE "osm2pgsql"
| #define VERSION "0.81.0"
| #define STDC_HEADERS 1
| #define HAVE_SYS_TYPES_H 1
| #define HAVE_SYS_STAT_H 1
| #define HAVE_STDLIB_H 1
| #define HAVE_STRING_H 1
| #define HAVE_MEMORY_H 1
| #define HAVE_STRINGS_H 1
| #define HAVE_INTTYPES_H 1
| #define HAVE_STDINT_H 1
| #define HAVE_UNISTD_H 1
| #define __EXTENSIONS__ 1
| #define _ALL_SOURCE 1
| #define _GNU_SOURCE 1
| #define _POSIX_PTHREAD_SEMANTICS 1
| #define _TANDEM_SOURCE 1
| #define HAVE_SYS_WAIT_H 1
| #define HAVE_STDLIB_H 1
| #define HAVE_UNISTD_H 1
| #define HAVE_SYS_PARAM_H 1
| #define HAVE_GETPAGESIZE 1
| #define HAVE_MMAP 1
| #define HAVE_DLFCN_H 1
| #define LT_OBJDIR ".libs/"
| #define HAVE_LSEEK64 1
| #define HAVE_POSIX_FALLOCATE 1
| #define HAVE_POSIX_FADVISE 1
| #define HAVE_SYNC_FILE_RANGE 1
| #define HAVE_XML2 1
| #define HAVE_ZLIB 1
| #define HAVE_BZIP2 1
| #define HAVE_GEOS 1
| /* end confdefs.h.  */
| #include <google/protobuf-c/protobuf-c.h>
| 
| 
| int
| main ()
| {
| static ProtobufCFieldDescriptor ac_aggr;
| if (sizeof ac_aggr.packed)
| return 0;
|   ;
|   return 0;
| }
configure:17024: result: no
configure:17038: result: protobuf-c >= 0.14: no
configure:17043: checking for protobuf-c usability
configure:17113: result: no
configure:17174: checking for pg_config
configure:17192: found /usr/bin/pg_config
configure:17204: result: /usr/bin/pg_config
configure:17221: checking for PostgreSQL libraries
configure:17239: result: yes
configure:17472: checking for the pthreads library -lpthreads
configure:17510: gcc -std=gnu99 -o conftest -g -O2    conftest.c -lpthreads  >&5
/usr/bin/ld: cannot find -lpthreads
collect2: ld returned 1 exit status
configure:17510: $? = 1
configure: failed program was:
| /* confdefs.h */
| #define PACKAGE_NAME "osm2pgsql"
| #define PACKAGE_TARNAME "osm2pgsql"
| #define PACKAGE_VERSION "0.81.0"
| #define PACKAGE_STRING "osm2pgsql 0.81.0"
| #define PACKAGE_BUGREPORT ""
| #define PACKAGE_URL ""
| #define PACKAGE "osm2pgsql"
| #define VERSION "0.81.0"
| #define STDC_HEADERS 1
| #define HAVE_SYS_TYPES_H 1
| #define HAVE_SYS_STAT_H 1
| #define HAVE_STDLIB_H 1
| #define HAVE_STRING_H 1
| #define HAVE_MEMORY_H 1
| #define HAVE_STRINGS_H 1
| #define HAVE_INTTYPES_H 1
| #define HAVE_STDINT_H 1
| #define HAVE_UNISTD_H 1
| #define __EXTENSIONS__ 1
| #define _ALL_SOURCE 1
| #define _GNU_SOURCE 1
| #define _POSIX_PTHREAD_SEMANTICS 1
| #define _TANDEM_SOURCE 1
| #define HAVE_SYS_WAIT_H 1
| #define HAVE_STDLIB_H 1
| #define HAVE_UNISTD_H 1
| #define HAVE_SYS_PARAM_H 1
| #define HAVE_GETPAGESIZE 1
| #define HAVE_MMAP 1
| #define HAVE_DLFCN_H 1
| #define LT_OBJDIR ".libs/"
| #define HAVE_LSEEK64 1
| #define HAVE_POSIX_FALLOCATE 1
| #define HAVE_POSIX_FADVISE 1
| #define HAVE_SYNC_FILE_RANGE 1
| #define HAVE_XML2 1
| #define HAVE_ZLIB 1
| #define HAVE_BZIP2 1
| #define HAVE_GEOS 1
| #define HAVE_POSTGRESQL 1
| /* end confdefs.h.  */
| #include <pthread.h>
| 		     static void routine(void* a) {a=0;}
| 		     static void* start_routine(void* a) {return a;}
| int
| main ()
| {
| pthread_t th; pthread_attr_t attr;
|                      pthread_create(&th,0,start_routine,0);
|                      pthread_join(th, 0);
|                      pthread_attr_init(&attr);
|                      pthread_cleanup_push(routine, 0);
|                      pthread_cleanup_pop(0);
|   ;
|   return 0;
| }
configure:17519: result: no
configure:17417: checking whether pthreads work without any flags
configure:17510: gcc -std=gnu99 -o conftest -g -O2    conftest.c   >&5
/tmp/ccJZDfrc.o: In function `main':
/home/alexander/Projekte/OpenRailwayMap/orm-latest/import/bin/osm2pgsql/conftest.c:50: undefined reference to `pthread_create'
/home/alexander/Projekte/OpenRailwayMap/orm-latest/import/bin/osm2pgsql/conftest.c:51: undefined reference to `pthread_join'
/home/alexander/Projekte/OpenRailwayMap/orm-latest/import/bin/osm2pgsql/conftest.c:53: undefined reference to `__pthread_register_cancel'
/home/alexander/Projekte/OpenRailwayMap/orm-latest/import/bin/osm2pgsql/conftest.c:54: undefined reference to `__pthread_unregister_cancel'
collect2: ld returned 1 exit status
configure:17510: $? = 1
configure: failed program was:
| /* confdefs.h */
| #define PACKAGE_NAME "osm2pgsql"
| #define PACKAGE_TARNAME "osm2pgsql"
| #define PACKAGE_VERSION "0.81.0"
| #define PACKAGE_STRING "osm2pgsql 0.81.0"
| #define PACKAGE_BUGREPORT ""
| #define PACKAGE_URL ""
| #define PACKAGE "osm2pgsql"
| #define VERSION "0.81.0"
| #define STDC_HEADERS 1
| #define HAVE_SYS_TYPES_H 1
| #define HAVE_SYS_STAT_H 1
| #define HAVE_STDLIB_H 1
| #define HAVE_STRING_H 1
| #define HAVE_MEMORY_H 1
| #define HAVE_STRINGS_H 1
| #define HAVE_INTTYPES_H 1
| #define HAVE_STDINT_H 1
| #define HAVE_UNISTD_H 1
| #define __EXTENSIONS__ 1
| #define _ALL_SOURCE 1
| #define _GNU_SOURCE 1
| #define _POSIX_PTHREAD_SEMANTICS 1
| #define _TANDEM_SOURCE 1
| #define HAVE_SYS_WAIT_H 1
| #define HAVE_STDLIB_H 1
| #define HAVE_UNISTD_H 1
| #define HAVE_SYS_PARAM_H 1
| #define HAVE_GETPAGESIZE 1
| #define HAVE_MMAP 1
| #define HAVE_DLFCN_H 1
| #define LT_OBJDIR ".libs/"
| #define HAVE_LSEEK64 1
| #define HAVE_POSIX_FALLOCATE 1
| #define HAVE_POSIX_FADVISE 1
| #define HAVE_SYNC_FILE_RANGE 1
| #define HAVE_XML2 1
| #define HAVE_ZLIB 1
| #define HAVE_BZIP2 1
| #define HAVE_GEOS 1
| #define HAVE_POSTGRESQL 1
| /* end confdefs.h.  */
| #include <pthread.h>
| 		     static void routine(void* a) {a=0;}
| 		     static void* start_routine(void* a) {return a;}
| int
| main ()
| {
| pthread_t th; pthread_attr_t attr;
|                      pthread_create(&th,0,start_routine,0);
|                      pthread_join(th, 0);
|                      pthread_attr_init(&attr);
|                      pthread_cleanup_push(routine, 0);
|                      pthread_cleanup_pop(0);
|   ;
|   return 0;
| }
configure:17519: result: no
configure:17422: checking whether pthreads work with -Kthread
configure:17510: gcc -std=gnu99 -o conftest -g -O2 -Kthread   conftest.c   >&5
gcc: error: unrecognized option '-Kthread'
configure:17510: $? = 1
configure: failed program was:
| /* confdefs.h */
| #define PACKAGE_NAME "osm2pgsql"
| #define PACKAGE_TARNAME "osm2pgsql"
| #define PACKAGE_VERSION "0.81.0"
| #define PACKAGE_STRING "osm2pgsql 0.81.0"
| #define PACKAGE_BUGREPORT ""
| #define PACKAGE_URL ""
| #define PACKAGE "osm2pgsql"
| #define VERSION "0.81.0"
| #define STDC_HEADERS 1
| #define HAVE_SYS_TYPES_H 1
| #define HAVE_SYS_STAT_H 1
| #define HAVE_STDLIB_H 1
| #define HAVE_STRING_H 1
| #define HAVE_MEMORY_H 1
| #define HAVE_STRINGS_H 1
| #define HAVE_INTTYPES_H 1
| #define HAVE_STDINT_H 1
| #define HAVE_UNISTD_H 1
| #define __EXTENSIONS__ 1
| #define _ALL_SOURCE 1
| #define _GNU_SOURCE 1
| #define _POSIX_PTHREAD_SEMANTICS 1
| #define _TANDEM_SOURCE 1
| #define HAVE_SYS_WAIT_H 1
| #define HAVE_STDLIB_H 1
| #define HAVE_UNISTD_H 1
| #define HAVE_SYS_PARAM_H 1
| #define HAVE_GETPAGESIZE 1
| #define HAVE_MMAP 1
| #define HAVE_DLFCN_H 1
| #define LT_OBJDIR ".libs/"
| #define HAVE_LSEEK64 1
| #define HAVE_POSIX_FALLOCATE 1
| #define HAVE_POSIX_FADVISE 1
| #define HAVE_SYNC_FILE_RANGE 1
| #define HAVE_XML2 1
| #define HAVE_ZLIB 1
| #define HAVE_BZIP2 1
| #define HAVE_GEOS 1
| #define HAVE_POSTGRESQL 1
| /* end confdefs.h.  */
| #include <pthread.h>
| 		     static void routine(void* a) {a=0;}
| 		     static void* start_routine(void* a) {return a;}
| int
| main ()
| {
| pthread_t th; pthread_attr_t attr;
|                      pthread_create(&th,0,start_routine,0);
|                      pthread_join(th, 0);
|                      pthread_attr_init(&attr);
|                      pthread_cleanup_push(routine, 0);
|                      pthread_cleanup_pop(0);
|   ;
|   return 0;
| }
configure:17519: result: no
configure:17422: checking whether pthreads work with -kthread
configure:17510: gcc -std=gnu99 -o conftest -g -O2 -kthread   conftest.c   >&5
gcc: error: unrecognized option '-kthread'
configure:17510: $? = 1
configure: failed program was:
| /* confdefs.h */
| #define PACKAGE_NAME "osm2pgsql"
| #define PACKAGE_TARNAME "osm2pgsql"
| #define PACKAGE_VERSION "0.81.0"
| #define PACKAGE_STRING "osm2pgsql 0.81.0"
| #define PACKAGE_BUGREPORT ""
| #define PACKAGE_URL ""
| #define PACKAGE "osm2pgsql"
| #define VERSION "0.81.0"
| #define STDC_HEADERS 1
| #define HAVE_SYS_TYPES_H 1
| #define HAVE_SYS_STAT_H 1
| #define HAVE_STDLIB_H 1
| #define HAVE_STRING_H 1
| #define HAVE_MEMORY_H 1
| #define HAVE_STRINGS_H 1
| #define HAVE_INTTYPES_H 1
| #define HAVE_STDINT_H 1
| #define HAVE_UNISTD_H 1
| #define __EXTENSIONS__ 1
| #define _ALL_SOURCE 1
| #define _GNU_SOURCE 1
| #define _POSIX_PTHREAD_SEMANTICS 1
| #define _TANDEM_SOURCE 1
| #define HAVE_SYS_WAIT_H 1
| #define HAVE_STDLIB_H 1
| #define HAVE_UNISTD_H 1
| #define HAVE_SYS_PARAM_H 1
| #define HAVE_GETPAGESIZE 1
| #define HAVE_MMAP 1
| #define HAVE_DLFCN_H 1
| #define LT_OBJDIR ".libs/"
| #define HAVE_LSEEK64 1
| #define HAVE_POSIX_FALLOCATE 1
| #define HAVE_POSIX_FADVISE 1
| #define HAVE_SYNC_FILE_RANGE 1
| #define HAVE_XML2 1
| #define HAVE_ZLIB 1
| #define HAVE_BZIP2 1
| #define HAVE_GEOS 1
| #define HAVE_POSTGRESQL 1
| /* end confdefs.h.  */
| #include <pthread.h>
| 		     static void routine(void* a) {a=0;}
| 		     static void* start_routine(void* a) {return a;}
| int
| main ()
| {
| pthread_t th; pthread_attr_t attr;
|                      pthread_create(&th,0,start_routine,0);
|                      pthread_join(th, 0);
|                      pthread_attr_init(&attr);
|                      pthread_cleanup_push(routine, 0);
|                      pthread_cleanup_pop(0);
|   ;
|   return 0;
| }
configure:17519: result: no
configure:17472: checking for the pthreads library -llthread
configure:17510: gcc -std=gnu99 -o conftest -g -O2    conftest.c -llthread  >&5
/usr/bin/ld: cannot find -llthread
collect2: ld returned 1 exit status
configure:17510: $? = 1
configure: failed program was:
| /* confdefs.h */
| #define PACKAGE_NAME "osm2pgsql"
| #define PACKAGE_TARNAME "osm2pgsql"
| #define PACKAGE_VERSION "0.81.0"
| #define PACKAGE_STRING "osm2pgsql 0.81.0"
| #define PACKAGE_BUGREPORT ""
| #define PACKAGE_URL ""
| #define PACKAGE "osm2pgsql"
| #define VERSION "0.81.0"
| #define STDC_HEADERS 1
| #define HAVE_SYS_TYPES_H 1
| #define HAVE_SYS_STAT_H 1
| #define HAVE_STDLIB_H 1
| #define HAVE_STRING_H 1
| #define HAVE_MEMORY_H 1
| #define HAVE_STRINGS_H 1
| #define HAVE_INTTYPES_H 1
| #define HAVE_STDINT_H 1
| #define HAVE_UNISTD_H 1
| #define __EXTENSIONS__ 1
| #define _ALL_SOURCE 1
| #define _GNU_SOURCE 1
| #define _POSIX_PTHREAD_SEMANTICS 1
| #define _TANDEM_SOURCE 1
| #define HAVE_SYS_WAIT_H 1
| #define HAVE_STDLIB_H 1
| #define HAVE_UNISTD_H 1
| #define HAVE_SYS_PARAM_H 1
| #define HAVE_GETPAGESIZE 1
| #define HAVE_MMAP 1
| #define HAVE_DLFCN_H 1
| #define LT_OBJDIR ".libs/"
| #define HAVE_LSEEK64 1
| #define HAVE_POSIX_FALLOCATE 1
| #define HAVE_POSIX_FADVISE 1
| #define HAVE_SYNC_FILE_RANGE 1
| #define HAVE_XML2 1
| #define HAVE_ZLIB 1
| #define HAVE_BZIP2 1
| #define HAVE_GEOS 1
| #define HAVE_POSTGRESQL 1
| /* end confdefs.h.  */
| #include <pthread.h>
| 		     static void routine(void* a) {a=0;}
| 		     static void* start_routine(void* a) {return a;}
| int
| main ()
| {
| pthread_t th; pthread_attr_t attr;
|                      pthread_create(&th,0,start_routine,0);
|                      pthread_join(th, 0);
|                      pthread_attr_init(&attr);
|                      pthread_cleanup_push(routine, 0);
|                      pthread_cleanup_pop(0);
|   ;
|   return 0;
| }
configure:17519: result: no
configure:17422: checking whether pthreads work with -pthread
configure:17510: gcc -std=gnu99 -o conftest -g -O2 -pthread   conftest.c   >&5
configure:17510: $? = 0
configure:17519: result: yes
configure:17538: checking for joinable pthread attribute
configure:17553: gcc -std=gnu99 -o conftest -g -O2 -pthread   conftest.c   >&5
configure:17553: $? = 0
configure:17559: result: PTHREAD_CREATE_JOINABLE
configure:17569: checking if more special flags are required for pthreads
configure:17576: result: no
configure:17800: creating ./config.status

## ---------------------- ##
## Running config.status. ##
## ---------------------- ##

This file was extended by osm2pgsql config.status 0.81.0, which was
generated by GNU Autoconf 2.68.  Invocation command line was

  CONFIG_FILES    = 
  CONFIG_HEADERS  = 
  CONFIG_LINKS    = 
  CONFIG_COMMANDS = 
  $ ./config.status 

on alex

config.status:1212: creating Makefile
config.status:1212: creating legacy/Makefile
config.status:1212: creating config.h
config.status:1441: executing depfiles commands
config.status:1441: executing libtool commands

## ---------------- ##
## Cache variables. ##
## ---------------- ##

ac_cv_build=i686-pc-linux-gnu
ac_cv_c_compiler_gnu=yes
ac_cv_cxx_compiler_gnu=yes
ac_cv_env_CCC_set=
ac_cv_env_CCC_value=
ac_cv_env_CC_set=
ac_cv_env_CC_value=
ac_cv_env_CFLAGS_set=
ac_cv_env_CFLAGS_value=
ac_cv_env_CPPFLAGS_set=
ac_cv_env_CPPFLAGS_value=
ac_cv_env_CPP_set=
ac_cv_env_CPP_value=
ac_cv_env_CXXCPP_set=
ac_cv_env_CXXCPP_value=
ac_cv_env_CXXFLAGS_set=
ac_cv_env_CXXFLAGS_value=
ac_cv_env_CXX_set=
ac_cv_env_CXX_value=
ac_cv_env_LDFLAGS_set=
ac_cv_env_LDFLAGS_value=
ac_cv_env_LIBS_set=
ac_cv_env_LIBS_value=
ac_cv_env_build_alias_set=
ac_cv_env_build_alias_value=
ac_cv_env_host_alias_set=
ac_cv_env_host_alias_value=
ac_cv_env_target_alias_set=
ac_cv_env_target_alias_value=
ac_cv_func_getpagesize=yes
ac_cv_func_lseek64=yes
ac_cv_func_mmap_fixed_mapped=yes
ac_cv_func_posix_fadvise=yes
ac_cv_func_posix_fallocate=yes
ac_cv_func_sync_file_range=yes
ac_cv_header_dlfcn_h=yes
ac_cv_header_geos_version_h=yes
ac_cv_header_inttypes_h=yes
ac_cv_header_memory_h=yes
ac_cv_header_minix_config_h=no
ac_cv_header_stdc=yes
ac_cv_header_stdint_h=yes
ac_cv_header_stdlib_h=yes
ac_cv_header_string_h=yes
ac_cv_header_strings_h=yes
ac_cv_header_sys_param_h=yes
ac_cv_header_sys_stat_h=yes
ac_cv_header_sys_types_h=yes
ac_cv_header_sys_wait_h=yes
ac_cv_header_unistd_h=yes
ac_cv_host=i686-pc-linux-gnu
ac_cv_member_ProtobufCFieldDescriptor_packed=no
ac_cv_objext=o
ac_cv_path_EGREP='/bin/grep -E'
ac_cv_path_FGREP='/bin/grep -F'
ac_cv_path_GEOS_CONFIG=/usr/bin/geos-config
ac_cv_path_GREP=/bin/grep
ac_cv_path_PG_CONFIG=/usr/bin/pg_config
ac_cv_path_SED=/bin/sed
ac_cv_path_XML2_CONFIG=/usr/bin/xml2-config
ac_cv_path_install='/usr/bin/install -c'
ac_cv_path_mkdir=/bin/mkdir
ac_cv_prog_AWK=gawk
ac_cv_prog_CPP='gcc -E'
ac_cv_prog_CXXCPP='g++ -E'
ac_cv_prog_HAVE_CXX=yes
ac_cv_prog_ac_ct_AR=ar
ac_cv_prog_ac_ct_CC=gcc
ac_cv_prog_ac_ct_CXX=g++
ac_cv_prog_ac_ct_MANIFEST_TOOL=mt
ac_cv_prog_ac_ct_OBJDUMP=objdump
ac_cv_prog_ac_ct_RANLIB=ranlib
ac_cv_prog_ac_ct_STRIP=strip
ac_cv_prog_cc_c89=
ac_cv_prog_cc_c99=-std=gnu99
ac_cv_prog_cc_g=yes
ac_cv_prog_cxx_g=yes
ac_cv_prog_make_make_set=yes
ac_cv_safe_to_define___extensions__=yes
am_cv_CC_dependencies_compiler_type=gcc3
am_cv_CXX_dependencies_compiler_type=gcc3
lt_cv_ar_at_file=@
lt_cv_archive_cmds_need_lc=no
lt_cv_deplibs_check_method=pass_all
lt_cv_file_magic_cmd='$MAGIC_CMD'
lt_cv_file_magic_test_file=
lt_cv_ld_reload_flag=-r
lt_cv_nm_interface='BSD nm'
lt_cv_objdir=.libs
lt_cv_path_LD=/usr/bin/ld
lt_cv_path_LDCXX=/usr/bin/ld
lt_cv_path_NM='/usr/bin/nm -B'
lt_cv_path_mainfest_tool=no
lt_cv_prog_compiler_c_o=yes
lt_cv_prog_compiler_c_o_CXX=yes
lt_cv_prog_compiler_pic='-fPIC -DPIC'
lt_cv_prog_compiler_pic_CXX='-fPIC -DPIC'
lt_cv_prog_compiler_pic_works=yes
lt_cv_prog_compiler_pic_works_CXX=yes
lt_cv_prog_compiler_rtti_exceptions=no
lt_cv_prog_compiler_static_works=yes
lt_cv_prog_compiler_static_works_CXX=yes
lt_cv_prog_gnu_ld=yes
lt_cv_prog_gnu_ldcxx=yes
lt_cv_sharedlib_from_linklib_cmd='printf %s\n'
lt_cv_shlibpath_overrides_runpath=no
lt_cv_sys_global_symbol_pipe='sed -n -e '\''s/^.*[	 ]\([ABCDGIRSTW][ABCDGIRSTW]*\)[	 ][	 ]*\([_A-Za-z][_A-Za-z0-9]*\)$/\1 \2 \2/p'\'' | sed '\''/ __gnu_lto/d'\'''
lt_cv_sys_global_symbol_to_c_name_address='sed -n -e '\''s/^: \([^ ]*\)[ ]*$/  {\"\1\", (void *) 0},/p'\'' -e '\''s/^[ABCDGIRSTW]* \([^ ]*\) \([^ ]*\)$/  {"\2", (void *) \&\2},/p'\'''
lt_cv_sys_global_symbol_to_c_name_address_lib_prefix='sed -n -e '\''s/^: \([^ ]*\)[ ]*$/  {\"\1\", (void *) 0},/p'\'' -e '\''s/^[ABCDGIRSTW]* \([^ ]*\) \(lib[^ ]*\)$/  {"\2", (void *) \&\2},/p'\'' -e '\''s/^[ABCDGIRSTW]* \([^ ]*\) \([^ ]*\)$/  {"lib\2", (void *) \&\2},/p'\'''
lt_cv_sys_global_symbol_to_cdecl='sed -n -e '\''s/^T .* \(.*\)$/extern int \1();/p'\'' -e '\''s/^[ABCDGIRSTW]* .* \(.*\)$/extern char \1;/p'\'''
lt_cv_sys_max_cmd_len=1572864
lt_cv_to_host_file_cmd=func_convert_file_noop
lt_cv_to_tool_file_cmd=func_convert_file_noop

## ----------------- ##
## Output variables. ##
## ----------------- ##

ACLOCAL='${SHELL} /home/alexander/Projekte/OpenRailwayMap/orm-latest/import/bin/osm2pgsql/missing --run aclocal-1.11'
AMDEPBACKSLASH='\'
AMDEP_FALSE='#'
AMDEP_TRUE=''
AMTAR='$${TAR-tar}'
AR='ar'
AUTOCONF='${SHELL} /home/alexander/Projekte/OpenRailwayMap/orm-latest/import/bin/osm2pgsql/missing --run autoconf'
AUTOHEADER='${SHELL} /home/alexander/Projekte/OpenRailwayMap/orm-latest/import/bin/osm2pgsql/missing --run autoheader'
AUTOMAKE='${SHELL} /home/alexander/Projekte/OpenRailwayMap/orm-latest/import/bin/osm2pgsql/missing --run automake-1.11'
AWK='gawk'
BZIP2_CFLAGS='-I/usr/include'
BZIP2_LDFLAGS='-L/usr/lib'
BZIP2_LIBS='-lbz2'
CC='gcc -std=gnu99'
CCDEPMODE='depmode=gcc3'
CFLAGS='-g -O2'
CPP='gcc -E'
CPPFLAGS=''
CXX='g++'
CXXCPP='g++ -E'
CXXDEPMODE='depmode=gcc3'
CXXFLAGS='-g -O2'
CYGPATH_W='echo'
DEFS='-DHAVE_CONFIG_H'
DEPDIR='.deps'
DLLTOOL='false'
DSYMUTIL=''
DUMPBIN=''
ECHO_C=''
ECHO_N='-n'
ECHO_T=''
EGREP='/bin/grep -E'
EXEEXT=''
FGREP='/bin/grep -F'
GEOS_CFLAGS='-I/usr/include'
GEOS_CONFIG='/usr/bin/geos-config'
GEOS_LDFLAGS='-L/usr/lib'
GEOS_LIBS='-L/usr/lib -lgeos'
GEOS_VERSION='3.2.2'
GREP='/bin/grep'
HAVE_BZIP2='yes'
HAVE_CXX='yes'
HAVE_PROTOBUF_C='no'
HAVE_ZLIB='yes'
INSTALL_DATA='${INSTALL} -m 644'
INSTALL_PROGRAM='${INSTALL}'
INSTALL_SCRIPT='${INSTALL}'
INSTALL_STRIP_PROGRAM='$(install_sh) -c -s'
LD='/usr/bin/ld'
LDFLAGS=''
LIBOBJS=''
LIBS=''
LIBTOOL='$(SHELL) $(top_builddir)/libtool'
LIPO=''
LN_S='ln -s'
LTLIBOBJS=''
MAKEINFO='${SHELL} /home/alexander/Projekte/OpenRailwayMap/orm-latest/import/bin/osm2pgsql/missing --run makeinfo'
MANIFEST_TOOL=':'
MKDIR_P='/bin/mkdir -p'
NM='/usr/bin/nm -B'
NMEDIT=''
OBJDUMP='objdump'
OBJEXT='o'
OTOOL64=''
OTOOL=''
PACKAGE='osm2pgsql'
PACKAGE_BUGREPORT=''
PACKAGE_NAME='osm2pgsql'
PACKAGE_STRING='osm2pgsql 0.81.0'
PACKAGE_TARNAME='osm2pgsql'
PACKAGE_URL=''
PACKAGE_VERSION='0.81.0'
PATH_SEPARATOR=':'
PG_CONFIG='/usr/bin/pg_config'
POSTGRESQL_CFLAGS='-I/usr/include/postgresql'
POSTGRESQL_LDFLAGS='-L/usr/lib'
POSTGRESQL_LIBS='-lpq'
POSTGRESQL_PGXS='/usr/lib/postgresql/9.1/lib/pgxs/src/makefiles/pgxs.mk'
POSTGRESQL_SERVER_CFLAGS='-I/usr/include/postgresql/9.1/server'
POSTGRESQL_VERSION='9.1.5'
PROJ_CFLAGS='-I/usr/include'
PROJ_LDFLAGS='-L/usr/lib'
PROJ_LIBS='-lproj'
PROTOBUF_C_CFLAGS=''
PROTOBUF_C_LDFLAGS=''
PROTOBUF_C_LIBS=''
PROTOC_C=''
PTHREAD_CC='gcc -std=gnu99'
PTHREAD_CFLAGS='-pthread'
PTHREAD_LIBS=''
RANLIB='ranlib'
READER_PBF_FALSE=''
READER_PBF_TRUE='#'
SED='/bin/sed'
SET_MAKE=''
SHELL='/bin/bash'
STRIP='strip'
VERSION='0.81.0'
XML2_CFLAGS='-I/usr/include/libxml2'
XML2_CONFIG='/usr/bin/xml2-config'
XML2_LDFLAGS='-L/usr/lib/i386-linux-gnu -lxml2'
XML2_VERSION='2.7.8'
ZLIB_CFLAGS='-I/usr/include'
ZLIB_LDFLAGS='-L/usr/lib'
ZLIB_LIBS='-lz'
ac_ct_AR='ar'
ac_ct_CC='gcc'
ac_ct_CXX='g++'
ac_ct_DUMPBIN=''
am__EXEEXT_FALSE=''
am__EXEEXT_TRUE='#'
am__fastdepCC_FALSE='#'
am__fastdepCC_TRUE=''
am__fastdepCXX_FALSE='#'
am__fastdepCXX_TRUE=''
am__include='include'
am__isrc=''
am__leading_dot='.'
am__nodep='_no'
am__quote=''
am__tar='$${TAR-tar} chof - "$$tardir"'
am__untar='$${TAR-tar} xf -'
ax_pthread_config=''
bindir='${exec_prefix}/bin'
build='i686-pc-linux-gnu'
build_alias=''
build_cpu='i686'
build_os='linux-gnu'
build_vendor='pc'
datadir='${datarootdir}'
datarootdir='${prefix}/share'
docdir='${datarootdir}/doc/${PACKAGE_TARNAME}'
dvidir='${docdir}'
exec_prefix='${prefix}'
host='i686-pc-linux-gnu'
host_alias=''
host_cpu='i686'
host_os='linux-gnu'
host_vendor='pc'
htmldir='${docdir}'
includedir='${prefix}/include'
infodir='${datarootdir}/info'
install_sh='${SHELL} /home/alexander/Projekte/OpenRailwayMap/orm-latest/import/bin/osm2pgsql/install-sh'
libdir='${exec_prefix}/lib'
libexecdir='${exec_prefix}/libexec'
localedir='${datarootdir}/locale'
localstatedir='${prefix}/var'
mandir='${datarootdir}/man'
mkdir_p='/bin/mkdir -p'
oldincludedir='/usr/include'
pdfdir='${docdir}'
prefix='/usr/local'
program_transform_name='s,x,x,'
psdir='${docdir}'
sbindir='${exec_prefix}/sbin'
sharedstatedir='${prefix}/com'
sysconfdir='${prefix}/etc'
target_alias=''

## ----------- ##
## confdefs.h. ##
## ----------- ##

/* confdefs.h */
#define PACKAGE_NAME "osm2pgsql"
#define PACKAGE_TARNAME "osm2pgsql"
#define PACKAGE_VERSION "0.81.0"
#define PACKAGE_STRING "osm2pgsql 0.81.0"
#define PACKAGE_BUGREPORT ""
#define PACKAGE_URL ""
#define PACKAGE "osm2pgsql"
#define VERSION "0.81.0"
#define STDC_HEADERS 1
#define HAVE_SYS_TYPES_H 1
#define HAVE_SYS_STAT_H 1
#define HAVE_STDLIB_H 1
#define HAVE_STRING_H 1
#define HAVE_MEMORY_H 1
#define HAVE_STRINGS_H 1
#define HAVE_INTTYPES_H 1
#define HAVE_STDINT_H 1
#define HAVE_UNISTD_H 1
#define __EXTENSIONS__ 1
#define _ALL_SOURCE 1
#define _GNU_SOURCE 1
#define _POSIX_PTHREAD_SEMANTICS 1
#define _TANDEM_SOURCE 1
#define HAVE_SYS_WAIT_H 1
#define HAVE_STDLIB_H 1
#define HAVE_UNISTD_H 1
#define HAVE_SYS_PARAM_H 1
#define HAVE_GETPAGESIZE 1
#define HAVE_MMAP 1
#define HAVE_DLFCN_H 1
#define LT_OBJDIR ".libs/"
#define HAVE_LSEEK64 1
#define HAVE_POSIX_FALLOCATE 1
#define HAVE_POSIX_FADVISE 1
#define HAVE_SYNC_FILE_RANGE 1
#define HAVE_XML2 1
#define HAVE_ZLIB 1
#define HAVE_BZIP2 1
#define HAVE_GEOS 1
#define HAVE_POSTGRESQL 1
#define HAVE_PTHREAD 1

configure: exit 0
